#! /usr/local/bin/vvp
:ivl_version "10.1 (stable)" "(v10_1-107-gab6ae79)";
:ivl_delay_selection "TYPICAL";
:vpi_time_precision - 12;
:vpi_module "system";
:vpi_module "vhdl_sys";
:vpi_module "v2005_math";
:vpi_module "va_math";
S_0x1787b80 .scope module, "testDFF" "testDFF" 2 7;
 .timescale -9 -12;
v0x17a4670_0 .var "clk", 0 0;
v0x17a4730_0 .var "d", 31 0;
v0x17a4800_0 .var "enable", 0 0;
v0x17a4900_0 .net "q", 31 0, L_0x17a5490;  1 drivers
S_0x1789570 .scope module, "dut" "dff" 2 14, 3 7 0, S_0x1787b80;
 .timescale -9 -12;
    .port_info 0 /INPUT 1 "trigger"
    .port_info 1 /INPUT 1 "enable"
    .port_info 2 /INPUT 32 "d"
    .port_info 3 /OUTPUT 32 "q"
P_0x1789740 .param/l "W" 0 3 7, +C4<00000000000000000000000000100000>;
L_0x17a5490 .functor BUFZ 32, v0x17a4310_0, C4<00000000000000000000000000000000>, C4<00000000000000000000000000000000>, C4<00000000000000000000000000000000>;
v0x1777ed0_0 .net "d", 31 0, v0x17a4730_0;  1 drivers
v0x17a4250_0 .net "enable", 0 0, v0x17a4800_0;  1 drivers
v0x17a4310_0 .var "mem", 31 0;
v0x17a4400_0 .net "q", 31 0, L_0x17a5490;  alias, 1 drivers
v0x17a44e0_0 .net "trigger", 0 0, v0x17a4670_0;  1 drivers
E_0x1786ac0 .event posedge, v0x17a44e0_0;
S_0x1787d00 .scope module, "testMUX2" "testMUX2" 2 42;
 .timescale -9 -12;
v0x17a5110_0 .var "in0", 31 0;
v0x17a51f0_0 .var "in1", 31 0;
v0x17a52c0_0 .net "out", 31 0, L_0x17a5550;  1 drivers
v0x17a53c0_0 .var "sel", 0 0;
S_0x17a49d0 .scope module, "dut" "mux2" 2 49, 3 31 0, S_0x1787d00;
 .timescale -9 -12;
    .port_info 0 /INPUT 32 "in0"
    .port_info 1 /INPUT 32 "in1"
    .port_info 2 /INPUT 1 "sel"
    .port_info 3 /OUTPUT 32 "out"
P_0x17a4ba0 .param/l "W" 0 3 31, +C4<00000000000000000000000000100000>;
v0x17a4d70_0 .net "in0", 31 0, v0x17a5110_0;  1 drivers
v0x17a4e10_0 .net "in1", 31 0, v0x17a51f0_0;  1 drivers
v0x17a4eb0_0 .net "out", 31 0, L_0x17a5550;  alias, 1 drivers
v0x17a4fa0_0 .net "sel", 0 0, v0x17a53c0_0;  1 drivers
L_0x17a5550 .functor MUXZ 32, v0x17a5110_0, v0x17a51f0_0, v0x17a53c0_0, C4<>;
    .scope S_0x1789570;
T_0 ;
    %pushi/vec4 0, 0, 32;
    %assign/vec4 v0x17a4310_0, 0;
    %end;
    .thread T_0;
    .scope S_0x1789570;
T_1 ;
    %wait E_0x1786ac0;
    %load/vec4 v0x17a4250_0;
    %flag_set/vec4 8;
    %jmp/0xz  T_1.0, 8;
    %load/vec4 v0x1777ed0_0;
    %assign/vec4 v0x17a4310_0, 0;
T_1.0 ;
    %jmp T_1;
    .thread T_1;
    .scope S_0x1787b80;
T_2 ;
    %pushi/vec4 0, 0, 1;
    %store/vec4 v0x17a4670_0, 0, 1;
    %end;
    .thread T_2;
    .scope S_0x1787b80;
T_3 ;
    %delay 10000, 0;
    %load/vec4 v0x17a4670_0;
    %nor/r;
    %store/vec4 v0x17a4670_0, 0, 1;
    %jmp T_3;
    .thread T_3;
    .scope S_0x1787b80;
T_4 ;
    %vpi_call 2 24 "$display", "Testing DFF..." {0 0 0};
    %pushi/vec4 0, 0, 1;
    %store/vec4 v0x17a4800_0, 0, 1;
    %pushi/vec4 2863311530, 0, 32;
    %store/vec4 v0x17a4730_0, 0, 32;
    %delay 1000000, 0;
    %load/vec4 v0x17a4900_0;
    %cmpi/ne 2863311530, 0, 32;
    %jmp/0xz  T_4.0, 4;
    %vpi_call 2 27 "$display", "ERROR Expected: AAAAAAAA, Got: %h", v0x17a4900_0 {0 0 0};
T_4.0 ;
    %pushi/vec4 0, 0, 1;
    %store/vec4 v0x17a4800_0, 0, 1;
    %pushi/vec4 3149642683, 0, 32;
    %store/vec4 v0x17a4730_0, 0, 32;
    %delay 1000000, 0;
    %load/vec4 v0x17a4900_0;
    %cmpi/ne 2863311530, 0, 32;
    %jmp/0xz  T_4.2, 4;
    %vpi_call 2 30 "$display", "ERROR Expected: AAAAAAAA, Got: %h", v0x17a4900_0 {0 0 0};
T_4.2 ;
    %pushi/vec4 1, 0, 1;
    %store/vec4 v0x17a4800_0, 0, 1;
    %pushi/vec4 3435973836, 0, 32;
    %store/vec4 v0x17a4730_0, 0, 32;
    %delay 1000000, 0;
    %load/vec4 v0x17a4900_0;
    %cmpi/ne 3435973836, 0, 32;
    %jmp/0xz  T_4.4, 4;
    %vpi_call 2 33 "$display", "ERROR Expected: CCCCCCCC, Got: %h", v0x17a4900_0 {0 0 0};
T_4.4 ;
    %pushi/vec4 0, 0, 1;
    %store/vec4 v0x17a4800_0, 0, 1;
    %pushi/vec4 3722304989, 0, 32;
    %store/vec4 v0x17a4730_0, 0, 32;
    %delay 1000000, 0;
    %load/vec4 v0x17a4900_0;
    %cmpi/ne 3435973836, 0, 32;
    %jmp/0xz  T_4.6, 4;
    %vpi_call 2 36 "$display", "ERROR Expected: CCCCCCCC, Got: %h", v0x17a4900_0 {0 0 0};
T_4.6 ;
    %vpi_call 2 37 "$display", "Done with DFF!" {0 0 0};
    %vpi_call 2 38 "$finish" {0 0 0};
    %end;
    .thread T_4;
    .scope S_0x1787d00;
T_5 ;
    %vpi_call 2 55 "$display", "Testing MUX2..." {0 0 0};
    %pushi/vec4 2863311530, 0, 32;
    %store/vec4 v0x17a5110_0, 0, 32;
    %pushi/vec4 3149642683, 0, 32;
    %store/vec4 v0x17a51f0_0, 0, 32;
    %pushi/vec4 0, 0, 1;
    %store/vec4 v0x17a53c0_0, 0, 1;
    %delay 1000000, 0;
    %load/vec4 v0x17a52c0_0;
    %cmpi/ne 2863311530, 0, 32;
    %jmp/0xz  T_5.0, 4;
    %vpi_call 2 58 "$display", "ERROR Expected: AAAAAAAA, Got: %h", v0x17a52c0_0 {0 0 0};
T_5.0 ;
    %pushi/vec4 2863311530, 0, 32;
    %store/vec4 v0x17a5110_0, 0, 32;
    %pushi/vec4 3149642683, 0, 32;
    %store/vec4 v0x17a51f0_0, 0, 32;
    %pushi/vec4 1, 0, 1;
    %store/vec4 v0x17a53c0_0, 0, 1;
    %delay 1000000, 0;
    %load/vec4 v0x17a52c0_0;
    %cmpi/ne 3149642683, 0, 32;
    %jmp/0xz  T_5.2, 4;
    %vpi_call 2 61 "$display", "ERROR Expected: BBBBBBBB, Got: %h", v0x17a52c0_0 {0 0 0};
T_5.2 ;
    %vpi_call 2 62 "$display", "Done with MUX2!" {0 0 0};
    %end;
    .thread T_5;
# The file index is used to find the file name in the following table.
:file_names 4;
    "N/A";
    "<interactive>";
    "basicbuildingblocks.t.v";
    "./basicbuildingblocks.v";
